<?xml version="1.0" encoding="UTF-8"?>
<testsuite name="Run On CHROME"
           tests="7"
           failures="2"
           errors="0"
           skipped="0"
           time="72.022">
  <properties />
            <testcase name="Order_07_Market_Close" time="7.415" classname="PIX.InTradingSession">
                <failure type="java.lang.RuntimeException"
                  message="Failed to interact on element: //button[normalize-space()=&apos;Add Order&apos;]Element found but not interactable: //button[normalize-space()=&apos;Add Order&apos;]"
              >
<![CDATA[java.lang.RuntimeException: Failed to interact on element: //button[normalize-space()='Add Order']Element found but not interactable: //button[normalize-space()='Add Order']
  Commons.BasePage.catchWhenInteractEException(BasePage.java:167)
  Commons.BasePage.clickToElement(BasePage.java:151)
  PiXAdminPageObject.ITRiskHeartBeatObject.PiXITObject.placeOrder(PiXITObject.java:21)
  PIX.InTradingSession.Order_07_Market_Close(InTradingSession.java:133)
  java.base/jdk.internal.reflect.DirectMethodHandleAccessor.invoke(DirectMethodHandleAccessor.java:103)
  java.base/java.lang.reflect.Method.invoke(Method.java:580)
  org.testng.internal.MethodInvocationHelper.invokeMethod(MethodInvocationHelper.java:133)
  org.testng.internal.TestInvoker.invokeMethod(TestInvoker.java:598)
  org.testng.internal.TestInvoker.invokeTestMethod(TestInvoker.java:173)
  org.testng.internal.MethodRunner.runInSequence(MethodRunner.java:46)
  org.testng.internal.TestInvoker$MethodInvocationAgent.invoke(TestInvoker.java:824)
  org.testng.internal.TestInvoker.invokeTestMethods(TestInvoker.java:146)
  org.testng.internal.TestMethodWorker.invokeTestMethods(TestMethodWorker.java:146)
  org.testng.internal.TestMethodWorker.run(TestMethodWorker.java:128)
  java.base/java.util.concurrent.ThreadPoolExecutor.runWorker(ThreadPoolExecutor.java:1144)
  java.base/java.util.concurrent.ThreadPoolExecutor$Worker.run(ThreadPoolExecutor.java:642)
  java.base/java.lang.Thread.run(Thread.java:1570)
]]>
      </failure>

          </testcase>
            <testcase name="Order_06_Cancel_All_Order" time="5.531" classname="PIX.InTradingSession">
                <failure type="org.openqa.selenium.ElementClickInterceptedException"
                  message="element click intercepted: Element &lt;input type=&quot;checkbox&quot; id=&quot;checkbox-750&quot; class=&quot;custom-control-input&quot;&gt; is not clickable at point (209, 286). Other element would receive the click: &lt;div class=&quot;custom-control custom-checkbox&quot;&gt;...&lt;/div&gt;
  (Session info: chrome=129.0.6668.90)
Build info: version: &apos;4.11.0&apos;, revision: &apos;040bc5406b&apos;
System info: os.name: &apos;Windows 11&apos;, os.arch: &apos;amd64&apos;, os.version: &apos;10.0&apos;, java.version: &apos;22.0.2&apos;
Driver info: org.openqa.selenium.chrome.ChromeDriver
Command: [af40943f7638f042b0029aa572d3b617, clickElement {id=f.3F0EB2322D3EB9D99BD2A7B2F465CD35.d.FB0C9BA653C5FB6DC6126CD16AA615B7.e.88}]
Capabilities {acceptInsecureCerts: false, browserName: chrome, browserVersion: 129.0.6668.90, chrome: {chromedriverVersion: 129.0.6668.89 (951c0b97221f..., userDataDir: C:\Users\ECO120~1\AppData\L...}, fedcm:accounts: true, goog:chromeOptions: {debuggerAddress: localhost:62768}, networkConnectionEnabled: false, pageLoadStrategy: normal, platformName: windows, proxy: Proxy(), se:cdp: ws://localhost:62768/devtoo..., se:cdpVersion: 129.0.6668.90, setWindowRect: true, strictFileInteractability: false, timeouts: {implicit: 0, pageLoad: 300000, script: 30000}, unhandledPromptBehavior: dismiss and notify, webauthn:extension:credBlob: true, webauthn:extension:largeBlob: true, webauthn:extension:minPinLength: true, webauthn:extension:prf: true, webauthn:virtualAuthenticators: true}
Element: [[ChromeDriver: chrome on windows (af40943f7638f042b0029aa572d3b617)] -&gt; xpath: //th[@title=&apos;Account ID&apos;]//preceding-sibling::th//div//input]
Session ID: af40943f7638f042b0029aa572d3b617"
              >
<![CDATA[org.openqa.selenium.ElementClickInterceptedException: element click intercepted: Element <input type="checkbox" id="checkbox-750" class="custom-control-input"> is not clickable at point (209, 286). Other element would receive the click: <div class="custom-control custom-checkbox">...</div>
  (Session info: chrome=129.0.6668.90)
Build info: version: '4.11.0', revision: '040bc5406b'
System info: os.name: 'Windows 11', os.arch: 'amd64', os.version: '10.0', java.version: '22.0.2'
Driver info: org.openqa.selenium.chrome.ChromeDriver
Command: [af40943f7638f042b0029aa572d3b617, clickElement {id=f.3F0EB2322D3EB9D99BD2A7B2F465CD35.d.FB0C9BA653C5FB6DC6126CD16AA615B7.e.88}]
Capabilities {acceptInsecureCerts: false, browserName: chrome, browserVersion: 129.0.6668.90, chrome: {chromedriverVersion: 129.0.6668.89 (951c0b97221f..., userDataDir: C:\Users\ECO120~1\AppData\L...}, fedcm:accounts: true, goog:chromeOptions: {debuggerAddress: localhost:62768}, networkConnectionEnabled: false, pageLoadStrategy: normal, platformName: windows, proxy: Proxy(), se:cdp: ws://localhost:62768/devtoo..., se:cdpVersion: 129.0.6668.90, setWindowRect: true, strictFileInteractability: false, timeouts: {implicit: 0, pageLoad: 300000, script: 30000}, unhandledPromptBehavior: dismiss and notify, webauthn:extension:credBlob: true, webauthn:extension:largeBlob: true, webauthn:extension:minPinLength: true, webauthn:extension:prf: true, webauthn:virtualAuthenticators: true}
Element: [[ChromeDriver: chrome on windows (af40943f7638f042b0029aa572d3b617)] -> xpath: //th[@title='Account ID']//preceding-sibling::th//div//input]
Session ID: af40943f7638f042b0029aa572d3b617
  java.base/jdk.internal.reflect.DirectConstructorHandleAccessor.newInstance(DirectConstructorHandleAccessor.java:62)
  java.base/java.lang.reflect.Constructor.newInstanceWithCaller(Constructor.java:502)
  java.base/java.lang.reflect.Constructor.newInstance(Constructor.java:486)
  org.openqa.selenium.remote.codec.w3c.W3CHttpResponseCodec.createException(W3CHttpResponseCodec.java:200)
  org.openqa.selenium.remote.codec.w3c.W3CHttpResponseCodec.decode(W3CHttpResponseCodec.java:133)
  org.openqa.selenium.remote.codec.w3c.W3CHttpResponseCodec.decode(W3CHttpResponseCodec.java:52)
  org.openqa.selenium.remote.HttpCommandExecutor.execute(HttpCommandExecutor.java:191)
  org.openqa.selenium.remote.service.DriverCommandExecutor.invokeExecute(DriverCommandExecutor.java:196)
  org.openqa.selenium.remote.service.DriverCommandExecutor.execute(DriverCommandExecutor.java:171)
  org.openqa.selenium.remote.RemoteWebDriver.execute(RemoteWebDriver.java:518)
  org.openqa.selenium.remote.RemoteWebElement.execute(RemoteWebElement.java:224)
  org.openqa.selenium.remote.RemoteWebElement.click(RemoteWebElement.java:77)
  Commons.BasePage.checkToDefaultCheckBoxOrRadio(BasePage.java:355)
  PiXAdminPageObject.TradingDataObject.PiXPendingOrderObject.cancelAllOrder(PiXPendingOrderObject.java:59)
  PIX.InTradingSession.Order_06_Cancel_All_Order(InTradingSession.java:147)
  java.base/jdk.internal.reflect.DirectMethodHandleAccessor.invoke(DirectMethodHandleAccessor.java:103)
  java.base/java.lang.reflect.Method.invoke(Method.java:580)
  org.testng.internal.MethodInvocationHelper.invokeMethod(MethodInvocationHelper.java:133)
  org.testng.internal.TestInvoker.invokeMethod(TestInvoker.java:598)
  org.testng.internal.TestInvoker.invokeTestMethod(TestInvoker.java:173)
  org.testng.internal.MethodRunner.runInSequence(MethodRunner.java:46)
  org.testng.internal.TestInvoker$MethodInvocationAgent.invoke(TestInvoker.java:824)
  org.testng.internal.TestInvoker.invokeTestMethods(TestInvoker.java:146)
  org.testng.internal.TestMethodWorker.invokeTestMethods(TestMethodWorker.java:146)
  org.testng.internal.TestMethodWorker.run(TestMethodWorker.java:128)
  java.base/java.util.concurrent.ThreadPoolExecutor.runWorker(ThreadPoolExecutor.java:1144)
  java.base/java.util.concurrent.ThreadPoolExecutor$Worker.run(ThreadPoolExecutor.java:642)
  java.base/java.lang.Thread.run(Thread.java:1570)
]]>
      </failure>

          </testcase>
  
  
            <testcase name="Order_04_Place_OutOfPriceRange_LimitDown" time="6.850" classname="PIX.InTradingSession" />
                <testcase name="Order_03_Place_OutOfPriceRange_LimitUp" time="6.675" classname="PIX.InTradingSession" />
                <testcase name="Order_02_Place_Success_Sell" time="28.245" classname="PIX.InTradingSession" />
                <testcase name="Order_05_Place_Exceed_Max_Value" time="7.294" classname="PIX.InTradingSession" />
                <testcase name="Order_01_Place_Success_Buy" time="10.012" classname="PIX.InTradingSession" />
      
</testsuite>
